  Save-the-plane.cpp
D:\Visual Studio 2019\AR\Project_GL\DrawPrimitives.h(60,11): warning C4244: 'initializing': conversion from 'double' to 'float', possible loss of data
D:\Visual Studio 2019\AR\Project_GL\DrawPrimitives.h(73,11): warning C4244: 'initializing': conversion from 'double' to 'float', possible loss of data
D:\Visual Studio 2019\AR\Project_GL\DrawPrimitives.h(85,11): warning C4244: 'initializing': conversion from 'double' to 'float', possible loss of data
D:\Visual Studio 2019\AR\Project_GL\DrawPrimitives.h(101,11): warning C4244: 'initializing': conversion from 'double' to 'float', possible loss of data
D:\Visual Studio 2019\AR\Project_GL\DrawPrimitives.h(117,11): warning C4244: 'initializing': conversion from 'double' to 'float', possible loss of data
D:\Visual Studio 2019\AR\Project_GL\DrawPrimitives.h(131,11): warning C4244: 'initializing': conversion from 'double' to 'float', possible loss of data
D:\Visual Studio 2019\AR\Project_GL\DrawPrimitives.h(148,26): warning C4305: 'argument': truncation from 'double' to 'GLfloat'
D:\Visual Studio 2019\AR\Project_GL\DrawPrimitives.h(152,23): warning C4305: 'argument': truncation from 'double' to 'GLfloat'
D:\Visual Studio 2019\AR\Project_GL\DrawPrimitives.h(156,25): warning C4305: 'argument': truncation from 'double' to 'GLfloat'
D:\Visual Studio 2019\AR\Project_GL\DrawPrimitives.h(157,24): warning C4305: 'argument': truncation from 'double' to 'GLfloat'
D:\Visual Studio 2019\AR\Project_GL\DrawPrimitives.h(163,32): warning C4305: 'argument': truncation from 'double' to 'GLfloat'
D:\Visual Studio 2019\AR\Project_GL\DrawPrimitives.h(164,24): warning C4305: 'argument': truncation from 'double' to 'GLfloat'
D:\Visual Studio 2019\AR\Project_GL\DrawPrimitives.h(167,20): warning C4305: 'argument': truncation from 'double' to 'GLfloat'
D:\Visual Studio 2019\AR\Project_GL\DrawPrimitives.h(170,27): warning C4305: 'argument': truncation from 'double' to 'GLfloat'
D:\Visual Studio 2019\AR\Project_GL\DrawPrimitives.h(171,20): warning C4305: 'argument': truncation from 'double' to 'GLfloat'
D:\Visual Studio 2019\AR\Project_GL\DrawPrimitives.h(174,26): warning C4305: 'argument': truncation from 'double' to 'GLfloat'
D:\Visual Studio 2019\AR\Project_GL\DrawPrimitives.h(175,21): warning C4305: 'argument': truncation from 'double' to 'GLfloat'
D:\Visual Studio 2019\AR\Project_GL\DrawPrimitives.h(282,25): warning C4305: 'initializing': truncation from 'double' to 'float'
D:\Visual Studio 2019\AR\Project_GL\DrawPrimitives.h(284,18): warning C4305: 'initializing': truncation from 'double' to 'float'
D:\Visual Studio 2019\AR\Project_GL\DrawPrimitives.h(290,34): warning C4305: 'argument': truncation from 'double' to 'GLfloat'
D:\Visual Studio 2019\AR\Project_GL\DrawPrimitives.h(295,24): warning C4305: 'initializing': truncation from 'double' to 'float'
D:\Visual Studio 2019\AR\Project_GL\DrawPrimitives.h(301,18): warning C4244: 'argument': conversion from 'double' to 'GLfloat', possible loss of data
D:\Visual Studio 2019\AR\Project_GL\DrawPrimitives.h(302,18): warning C4244: 'argument': conversion from 'double' to 'GLfloat', possible loss of data
D:\Visual Studio 2019\AR\Project_GL\DrawPrimitives.h(303,18): warning C4244: 'argument': conversion from 'double' to 'GLfloat', possible loss of data
D:\Visual Studio 2019\AR\Project_GL\DrawPrimitives.h(304,53): warning C4244: 'argument': conversion from 'double' to 'GLfloat', possible loss of data
D:\Visual Studio 2019\AR\Project_GL\DrawPrimitives.h(305,18): warning C4244: 'argument': conversion from 'double' to 'GLfloat', possible loss of data
D:\Visual Studio 2019\AR\Project_GL\DrawPrimitives.h(306,18): warning C4244: 'argument': conversion from 'double' to 'GLfloat', possible loss of data
D:\Visual Studio 2019\AR\Project_GL\DrawPrimitives.h(322,17): warning C4244: 'initializing': conversion from 'double' to 'float', possible loss of data
D:\Visual Studio 2019\AR\Project_GL\DrawPrimitives.h(323,12): warning C4244: 'initializing': conversion from 'double' to 'float', possible loss of data
D:\Visual Studio 2019\AR\Project_GL\DrawPrimitives.h(324,13): warning C4244: 'initializing': conversion from 'double' to 'float', possible loss of data
D:\Visual Studio 2019\AR\Project_GL\DrawPrimitives.h(328,31): warning C4244: 'argument': conversion from 'time_t' to 'unsigned int', possible loss of data
D:\Visual Studio 2019\AR\Project_GL\DrawPrimitives.h(334,38): warning C4244: '=': conversion from 'double' to 'float', possible loss of data
D:\Visual Studio 2019\AR\Project_GL\DrawPrimitives.h(336,38): warning C4244: '=': conversion from 'double' to 'float', possible loss of data
D:\Visual Studio 2019\AR\Project_GL\DrawPrimitives.h(338,39): warning C4244: '=': conversion from 'double' to 'float', possible loss of data
D:\Visual Studio 2019\AR\Project_GL\DrawPrimitives.h(342,38): warning C4244: '=': conversion from 'double' to 'float', possible loss of data
D:\Visual Studio 2019\AR\Project_GL\DrawPrimitives.h(344,38): warning C4244: '=': conversion from 'double' to 'float', possible loss of data
D:\Visual Studio 2019\AR\Project_GL\DrawPrimitives.h(346,39): warning C4244: '=': conversion from 'double' to 'float', possible loss of data
D:\Visual Studio 2019\AR\Project_GL\DrawPrimitives.h(410,33): warning C4244: 'argument': conversion from 'double' to 'GLfloat', possible loss of data
D:\Visual Studio 2019\AR\Project_GL\DrawPrimitives.h(410,26): warning C4244: 'argument': conversion from 'double' to 'GLfloat', possible loss of data
D:\Visual Studio 2019\AR\Project_GL\DrawPrimitives.h(410,17): warning C4244: 'argument': conversion from 'double' to 'GLfloat', possible loss of data
D:\Visual Studio 2019\AR\Project_GL\DrawPrimitives.h(411,33): warning C4244: 'argument': conversion from 'double' to 'GLfloat', possible loss of data
D:\Visual Studio 2019\AR\Project_GL\DrawPrimitives.h(411,26): warning C4244: 'argument': conversion from 'double' to 'GLfloat', possible loss of data
D:\Visual Studio 2019\AR\Project_GL\DrawPrimitives.h(411,17): warning C4244: 'argument': conversion from 'double' to 'GLfloat', possible loss of data
D:\Visual Studio 2019\AR\Project_GL\DrawPrimitives.h(412,33): warning C4244: 'argument': conversion from 'double' to 'GLfloat', possible loss of data
D:\Visual Studio 2019\AR\Project_GL\DrawPrimitives.h(412,26): warning C4244: 'argument': conversion from 'double' to 'GLfloat', possible loss of data
D:\Visual Studio 2019\AR\Project_GL\DrawPrimitives.h(412,17): warning C4244: 'argument': conversion from 'double' to 'GLfloat', possible loss of data
D:\Visual Studio 2019\AR\Project_GL\DrawPrimitives.h(413,33): warning C4244: 'argument': conversion from 'double' to 'GLfloat', possible loss of data
D:\Visual Studio 2019\AR\Project_GL\DrawPrimitives.h(413,26): warning C4244: 'argument': conversion from 'double' to 'GLfloat', possible loss of data
D:\Visual Studio 2019\AR\Project_GL\DrawPrimitives.h(413,17): warning C4244: 'argument': conversion from 'double' to 'GLfloat', possible loss of data
D:\Visual Studio 2019\AR\Project_GL\DrawPrimitives.h(425,19): warning C4244: 'argument': conversion from 'GLdouble' to 'GLfloat', possible loss of data
D:\Visual Studio 2019\AR\Project_GL\DrawPrimitives.h(427,60): warning C4244: 'argument': conversion from 'double' to 'GLfloat', possible loss of data
D:\Visual Studio 2019\AR\Project_GL\DrawPrimitives.h(427,33): warning C4244: 'argument': conversion from 'double' to 'GLfloat', possible loss of data
D:\Visual Studio 2019\AR\Project_GL\DrawPrimitives.h(437,60): warning C4244: 'argument': conversion from 'double' to 'GLfloat', possible loss of data
D:\Visual Studio 2019\AR\Project_GL\DrawPrimitives.h(437,33): warning C4244: 'argument': conversion from 'double' to 'GLfloat', possible loss of data
D:\Visual Studio 2019\AR\Project_GL\MarkerTracker.h(11,19): warning C4099: 'CvMemStorage': type name first seen using 'struct' now seen using 'class'
D:\Visual Studio 2019\AR\Project_GL\build\include\opencv2/core/types_c.h(1491): message : see declaration of 'CvMemStorage'
..\Save-the-plane.cpp(106,17): warning C4244: 'initializing': conversion from 'double' to 'int', possible loss of data
..\Save-the-plane.cpp(153,28): warning C4305: 'argument': truncation from 'double' to 'GLfloat'
..\Save-the-plane.cpp(169,28): warning C4305: 'argument': truncation from 'double' to 'GLfloat'
..\Save-the-plane.cpp(184,35): warning C4244: 'argument': conversion from 'int' to 'GLfloat', possible loss of data
..\Save-the-plane.cpp(184,20): warning C4244: 'argument': conversion from 'int' to 'GLfloat', possible loss of data
..\Save-the-plane.cpp(289,32): warning C4244: 'argument': conversion from 'double' to '_Tp', possible loss of data
          with
          [
              _Tp=float
          ]
..\Save-the-plane.cpp(289,23): warning C4244: 'argument': conversion from 'double' to '_Tp', possible loss of data
          with
          [
              _Tp=float
          ]
..\Save-the-plane.cpp(302,11): warning C4244: 'initializing': conversion from 'double' to 'float', possible loss of data
..\Save-the-plane.cpp(303,11): warning C4244: 'initializing': conversion from 'double' to 'float', possible loss of data
..\Save-the-plane.cpp(304,40): warning C4244: 'argument': conversion from 'double' to '_Tp', possible loss of data
          with
          [
              _Tp=float
          ]
..\Save-the-plane.cpp(322,33): warning C4244: 'argument': conversion from 'double' to '_Tp', possible loss of data
          with
          [
              _Tp=float
          ]
..\Save-the-plane.cpp(322,27): warning C4244: 'argument': conversion from 'double' to '_Tp', possible loss of data
          with
          [
              _Tp=float
          ]
..\Save-the-plane.cpp(323,33): warning C4244: 'argument': conversion from 'double' to '_Tp', possible loss of data
          with
          [
              _Tp=float
          ]
..\Save-the-plane.cpp(323,27): warning C4244: 'argument': conversion from 'double' to '_Tp', possible loss of data
          with
          [
              _Tp=float
          ]
..\Save-the-plane.cpp(326,66): warning C4244: 'argument': conversion from 'double' to '_Tp', possible loss of data
          with
          [
              _Tp=int
          ]
..\Save-the-plane.cpp(326,53): warning C4244: 'argument': conversion from 'double' to '_Tp', possible loss of data
          with
          [
              _Tp=int
          ]
..\Save-the-plane.cpp(326,40): warning C4244: 'argument': conversion from 'double' to '_Tp', possible loss of data
          with
          [
              _Tp=int
          ]
..\Save-the-plane.cpp(326,23): warning C4244: 'argument': conversion from 'double' to '_Tp', possible loss of data
          with
          [
              _Tp=int
          ]
..\Save-the-plane.cpp(346,30): warning C4244: '=': conversion from 'double' to 'float', possible loss of data
..\Save-the-plane.cpp(418,9): warning C4101: 'ResultMatrix': unreferenced local variable
  Exercise06.vcxproj -> D:\Visual Studio 2019\AR\Project_GL\build\Debug\Exercise06.exe
